This file contains any messages produced by compilers while
running configure, to aid debugging if configure makes a mistake.

It was created by less configure 1, which was
generated by GNU Autoconf 2.69.  Invocation command line was

  $ configure 

## --------- ##
## Platform. ##
## --------- ##

hostname = supermirco
uname -m = x86_64
uname -r = 4.15.0-154-generic
uname -s = Linux
uname -v = #161-Ubuntu SMP Fri Jul 30 13:04:17 UTC 2021

/usr/bin/uname -p = unknown
/bin/uname -X     = unknown

/bin/arch              = unknown
/usr/bin/arch -k       = unknown
/usr/convex/getsysinfo = unknown
/usr/bin/hostinfo      = unknown
/bin/machine           = unknown
/usr/bin/oslevel       = unknown
/bin/universe          = unknown

PATH: /usr/local/cuda-10.2/bin
PATH: /home/wf/dot_file/zplug/repos/zplug/zplug/bin
PATH: /home/wf/dot_file/zplug/bin
PATH: /home/wf/.local/bin
PATH: /usr/local/cuda-10.2/bin
PATH: /home/wf/.vscode-server/bin/7f6ab5485bbc008386c4386d08766667e155244e/bin
PATH: /home/wf/anaconda3/envs/py38_torch_18/bin
PATH: /home/wf/anaconda3/condabin
PATH: /usr/local/sbin
PATH: /usr/local/bin
PATH: /usr/sbin
PATH: /usr/bin
PATH: /sbin
PATH: /bin
PATH: /usr/games
PATH: /usr/local/games


## ----------- ##
## Core tests. ##
## ----------- ##

configure:2222: checking for gcc
configure:2238: found /usr/bin/gcc
configure:2249: result: gcc
configure:2478: checking for C compiler version
configure:2487: gcc --version >&5
gcc (Ubuntu 7.5.0-3ubuntu1~18.04) 7.5.0
Copyright (C) 2017 Free Software Foundation, Inc.
This is free software; see the source for copying conditions.  There is NO
warranty; not even for MERCHANTABILITY or FITNESS FOR A PARTICULAR PURPOSE.

configure:2498: $? = 0
configure:2487: gcc -v >&5
Using built-in specs.
COLLECT_GCC=gcc
COLLECT_LTO_WRAPPER=/usr/lib/gcc/x86_64-linux-gnu/7/lto-wrapper
OFFLOAD_TARGET_NAMES=nvptx-none
OFFLOAD_TARGET_DEFAULT=1
Target: x86_64-linux-gnu
Configured with: ../src/configure -v --with-pkgversion='Ubuntu 7.5.0-3ubuntu1~18.04' --with-bugurl=file:///usr/share/doc/gcc-7/README.Bugs --enable-languages=c,ada,c++,go,brig,d,fortran,objc,obj-c++ --prefix=/usr --with-gcc-major-version-only --program-suffix=-7 --program-prefix=x86_64-linux-gnu- --enable-shared --enable-linker-build-id --libexecdir=/usr/lib --without-included-gettext --enable-threads=posix --libdir=/usr/lib --enable-nls --enable-bootstrap --enable-clocale=gnu --enable-libstdcxx-debug --enable-libstdcxx-time=yes --with-default-libstdcxx-abi=new --enable-gnu-unique-object --disable-vtable-verify --enable-libmpx --enable-plugin --enable-default-pie --with-system-zlib --with-target-system-zlib --enable-objc-gc=auto --enable-multiarch --disable-werror --with-arch-32=i686 --with-abi=m64 --with-multilib-list=m32,m64,mx32 --enable-multilib --with-tune=generic --enable-offload-targets=nvptx-none --without-cuda-driver --enable-checking=release --build=x86_64-linux-gnu --host=x86_64-linux-gnu --target=x86_64-linux-gnu
Thread model: posix
gcc version 7.5.0 (Ubuntu 7.5.0-3ubuntu1~18.04) 
configure:2498: $? = 0
configure:2487: gcc -V >&5
gcc: error: unrecognized command line option '-V'
gcc: fatal error: no input files
compilation terminated.
configure:2498: $? = 1
configure:2487: gcc -qversion >&5
gcc: error: unrecognized command line option '-qversion'; did you mean '--version'?
gcc: fatal error: no input files
compilation terminated.
configure:2498: $? = 1
configure:2518: checking whether the C compiler works
configure:2540: gcc    conftest.c  >&5
configure:2544: $? = 0
configure:2592: result: yes
configure:2595: checking for C compiler default output file name
configure:2597: result: a.out
configure:2603: checking for suffix of executables
configure:2610: gcc -o conftest    conftest.c  >&5
configure:2614: $? = 0
configure:2636: result: 
configure:2658: checking whether we are cross compiling
configure:2666: gcc -o conftest    conftest.c  >&5
configure:2670: $? = 0
configure:2677: ./conftest
configure:2681: $? = 0
configure:2696: result: no
configure:2701: checking for suffix of object files
configure:2723: gcc -c   conftest.c >&5
configure:2727: $? = 0
configure:2748: result: o
configure:2752: checking whether we are using the GNU C compiler
configure:2771: gcc -c   conftest.c >&5
configure:2771: $? = 0
configure:2780: result: yes
configure:2789: checking whether gcc accepts -g
configure:2809: gcc -c -g  conftest.c >&5
configure:2809: $? = 0
configure:2850: result: yes
configure:2867: checking for gcc option to accept ISO C89
configure:2930: gcc  -c -g -O2  conftest.c >&5
configure:2930: $? = 0
configure:2943: result: none needed
configure:2964: checking for library containing strerror
configure:2995: gcc -o conftest -g -O2   conftest.c  >&5
configure:2995: $? = 0
configure:3012: result: none required
configure:3025: checking how to run the C preprocessor
configure:3056: gcc -E  conftest.c
configure:3056: $? = 0
configure:3070: gcc -E  conftest.c
conftest.c:9:10: fatal error: ac_nonexistent.h: No such file or directory
 #include <ac_nonexistent.h>
          ^~~~~~~~~~~~~~~~~~
compilation terminated.
configure:3070: $? = 1
configure: failed program was:
| /* confdefs.h */
| #define PACKAGE_NAME "less"
| #define PACKAGE_TARNAME "less"
| #define PACKAGE_VERSION "1"
| #define PACKAGE_STRING "less 1"
| #define PACKAGE_BUGREPORT ""
| #define PACKAGE_URL ""
| /* end confdefs.h.  */
| #include <ac_nonexistent.h>
configure:3095: result: gcc -E
configure:3115: gcc -E  conftest.c
configure:3115: $? = 0
configure:3129: gcc -E  conftest.c
conftest.c:9:10: fatal error: ac_nonexistent.h: No such file or directory
 #include <ac_nonexistent.h>
          ^~~~~~~~~~~~~~~~~~
compilation terminated.
configure:3129: $? = 1
configure: failed program was:
| /* confdefs.h */
| #define PACKAGE_NAME "less"
| #define PACKAGE_TARNAME "less"
| #define PACKAGE_VERSION "1"
| #define PACKAGE_STRING "less 1"
| #define PACKAGE_BUGREPORT ""
| #define PACKAGE_URL ""
| /* end confdefs.h.  */
| #include <ac_nonexistent.h>
configure:3158: checking for grep that handles long lines and -e
configure:3216: result: /bin/grep
configure:3221: checking for egrep
configure:3283: result: /bin/grep -E
configure:3289: checking whether gcc needs -traditional
configure:3323: result: no
configure:3373: checking for a BSD-compatible install
configure:3441: result: /usr/bin/install -c
configure:3461: checking for special C compiler options needed for large files
configure:3506: result: no
configure:3512: checking for _FILE_OFFSET_BITS value needed for large files
configure:3537: gcc -c -g -O2  conftest.c >&5
configure:3537: $? = 0
configure:3569: result: no
configure:3656: checking for tgoto in -ltinfo
configure:3681: gcc -o conftest -g -O2   conftest.c -ltinfo   >&5
/usr/bin/ld: cannot find -ltinfo
collect2: error: ld returned 1 exit status
configure:3681: $? = 1
configure: failed program was:
| /* confdefs.h */
| #define PACKAGE_NAME "less"
| #define PACKAGE_TARNAME "less"
| #define PACKAGE_VERSION "1"
| #define PACKAGE_STRING "less 1"
| #define PACKAGE_BUGREPORT ""
| #define PACKAGE_URL ""
| /* end confdefs.h.  */
| 
| /* Override any GCC internal prototype to avoid an error.
|    Use char because int might match the return type of a GCC
|    builtin and then its argument prototype would still apply.  */
| #ifdef __cplusplus
| extern "C"
| #endif
| char tgoto ();
| int
| main ()
| {
| return tgoto ();
|   ;
|   return 0;
| }
configure:3690: result: no
configure:3698: checking for tgoto in -ltinfow
configure:3723: gcc -o conftest -g -O2   conftest.c -ltinfow   >&5
/usr/bin/ld: cannot find -ltinfow
collect2: error: ld returned 1 exit status
configure:3723: $? = 1
configure: failed program was:
| /* confdefs.h */
| #define PACKAGE_NAME "less"
| #define PACKAGE_TARNAME "less"
| #define PACKAGE_VERSION "1"
| #define PACKAGE_STRING "less 1"
| #define PACKAGE_BUGREPORT ""
| #define PACKAGE_URL ""
| /* end confdefs.h.  */
| 
| /* Override any GCC internal prototype to avoid an error.
|    Use char because int might match the return type of a GCC
|    builtin and then its argument prototype would still apply.  */
| #ifdef __cplusplus
| extern "C"
| #endif
| char tgoto ();
| int
| main ()
| {
| return tgoto ();
|   ;
|   return 0;
| }
configure:3732: result: no
configure:3740: checking for initscr in -lxcurses
configure:3765: gcc -o conftest -g -O2   conftest.c -lxcurses   >&5
/usr/bin/ld: cannot find -lxcurses
collect2: error: ld returned 1 exit status
configure:3765: $? = 1
configure: failed program was:
| /* confdefs.h */
| #define PACKAGE_NAME "less"
| #define PACKAGE_TARNAME "less"
| #define PACKAGE_VERSION "1"
| #define PACKAGE_STRING "less 1"
| #define PACKAGE_BUGREPORT ""
| #define PACKAGE_URL ""
| /* end confdefs.h.  */
| 
| /* Override any GCC internal prototype to avoid an error.
|    Use char because int might match the return type of a GCC
|    builtin and then its argument prototype would still apply.  */
| #ifdef __cplusplus
| extern "C"
| #endif
| char initscr ();
| int
| main ()
| {
| return initscr ();
|   ;
|   return 0;
| }
configure:3774: result: no
configure:3782: checking for initscr in -lncursesw
configure:3807: gcc -o conftest -g -O2   conftest.c -lncursesw   >&5
/usr/bin/ld: cannot find -lncursesw
collect2: error: ld returned 1 exit status
configure:3807: $? = 1
configure: failed program was:
| /* confdefs.h */
| #define PACKAGE_NAME "less"
| #define PACKAGE_TARNAME "less"
| #define PACKAGE_VERSION "1"
| #define PACKAGE_STRING "less 1"
| #define PACKAGE_BUGREPORT ""
| #define PACKAGE_URL ""
| /* end confdefs.h.  */
| 
| /* Override any GCC internal prototype to avoid an error.
|    Use char because int might match the return type of a GCC
|    builtin and then its argument prototype would still apply.  */
| #ifdef __cplusplus
| extern "C"
| #endif
| char initscr ();
| int
| main ()
| {
| return initscr ();
|   ;
|   return 0;
| }
configure:3816: result: no
configure:3824: checking for initscr in -lncurses
configure:3849: gcc -o conftest -g -O2   conftest.c -lncurses   >&5
/usr/bin/ld: cannot find -lncurses
collect2: error: ld returned 1 exit status
configure:3849: $? = 1
configure: failed program was:
| /* confdefs.h */
| #define PACKAGE_NAME "less"
| #define PACKAGE_TARNAME "less"
| #define PACKAGE_VERSION "1"
| #define PACKAGE_STRING "less 1"
| #define PACKAGE_BUGREPORT ""
| #define PACKAGE_URL ""
| /* end confdefs.h.  */
| 
| /* Override any GCC internal prototype to avoid an error.
|    Use char because int might match the return type of a GCC
|    builtin and then its argument prototype would still apply.  */
| #ifdef __cplusplus
| extern "C"
| #endif
| char initscr ();
| int
| main ()
| {
| return initscr ();
|   ;
|   return 0;
| }
configure:3858: result: no
configure:3866: checking for initscr in -lcurses
configure:3891: gcc -o conftest -g -O2   conftest.c -lcurses   >&5
/usr/bin/ld: cannot find -lcurses
collect2: error: ld returned 1 exit status
configure:3891: $? = 1
configure: failed program was:
| /* confdefs.h */
| #define PACKAGE_NAME "less"
| #define PACKAGE_TARNAME "less"
| #define PACKAGE_VERSION "1"
| #define PACKAGE_STRING "less 1"
| #define PACKAGE_BUGREPORT ""
| #define PACKAGE_URL ""
| /* end confdefs.h.  */
| 
| /* Override any GCC internal prototype to avoid an error.
|    Use char because int might match the return type of a GCC
|    builtin and then its argument prototype would still apply.  */
| #ifdef __cplusplus
| extern "C"
| #endif
| char initscr ();
| int
| main ()
| {
| return initscr ();
|   ;
|   return 0;
| }
configure:3900: result: no
configure:3908: checking for tgetent in -ltermcap
configure:3933: gcc -o conftest -g -O2   conftest.c -ltermcap   >&5
/usr/bin/ld: cannot find -ltermcap
collect2: error: ld returned 1 exit status
configure:3933: $? = 1
configure: failed program was:
| /* confdefs.h */
| #define PACKAGE_NAME "less"
| #define PACKAGE_TARNAME "less"
| #define PACKAGE_VERSION "1"
| #define PACKAGE_STRING "less 1"
| #define PACKAGE_BUGREPORT ""
| #define PACKAGE_URL ""
| /* end confdefs.h.  */
| 
| /* Override any GCC internal prototype to avoid an error.
|    Use char because int might match the return type of a GCC
|    builtin and then its argument prototype would still apply.  */
| #ifdef __cplusplus
| extern "C"
| #endif
| char tgetent ();
| int
| main ()
| {
| return tgetent ();
|   ;
|   return 0;
| }
configure:3942: result: no
configure:3950: checking for tgetent in -ltermlib
configure:3975: gcc -o conftest -g -O2   conftest.c -ltermlib   >&5
/usr/bin/ld: cannot find -ltermlib
collect2: error: ld returned 1 exit status
configure:3975: $? = 1
configure: failed program was:
| /* confdefs.h */
| #define PACKAGE_NAME "less"
| #define PACKAGE_TARNAME "less"
| #define PACKAGE_VERSION "1"
| #define PACKAGE_STRING "less 1"
| #define PACKAGE_BUGREPORT ""
| #define PACKAGE_URL ""
| /* end confdefs.h.  */
| 
| /* Override any GCC internal prototype to avoid an error.
|    Use char because int might match the return type of a GCC
|    builtin and then its argument prototype would still apply.  */
| #ifdef __cplusplus
| extern "C"
| #endif
| char tgetent ();
| int
| main ()
| {
| return tgetent ();
|   ;
|   return 0;
| }
configure:3984: result: no
configure:3994: checking for library containing regcmp
configure:4025: gcc -o conftest -g -O2   conftest.c  >&5
/tmp/cc57hUMN.o: In function `main':
/home/wf/dot_file/less_wf/less-590/less-590/conftest.c:20: undefined reference to `regcmp'
collect2: error: ld returned 1 exit status
configure:4025: $? = 1
configure: failed program was:
| /* confdefs.h */
| #define PACKAGE_NAME "less"
| #define PACKAGE_TARNAME "less"
| #define PACKAGE_VERSION "1"
| #define PACKAGE_STRING "less 1"
| #define PACKAGE_BUGREPORT ""
| #define PACKAGE_URL ""
| /* end confdefs.h.  */
| 
| /* Override any GCC internal prototype to avoid an error.
|    Use char because int might match the return type of a GCC
|    builtin and then its argument prototype would still apply.  */
| #ifdef __cplusplus
| extern "C"
| #endif
| char regcmp ();
| int
| main ()
| {
| return regcmp ();
|   ;
|   return 0;
| }
configure:4025: gcc -o conftest -g -O2   conftest.c -lgen   >&5
/usr/bin/ld: cannot find -lgen
collect2: error: ld returned 1 exit status
configure:4025: $? = 1
configure: failed program was:
| /* confdefs.h */
| #define PACKAGE_NAME "less"
| #define PACKAGE_TARNAME "less"
| #define PACKAGE_VERSION "1"
| #define PACKAGE_STRING "less 1"
| #define PACKAGE_BUGREPORT ""
| #define PACKAGE_URL ""
| /* end confdefs.h.  */
| 
| /* Override any GCC internal prototype to avoid an error.
|    Use char because int might match the return type of a GCC
|    builtin and then its argument prototype would still apply.  */
| #ifdef __cplusplus
| extern "C"
| #endif
| char regcmp ();
| int
| main ()
| {
| return regcmp ();
|   ;
|   return 0;
| }
configure:4025: gcc -o conftest -g -O2   conftest.c -lintl   >&5
/usr/bin/ld: cannot find -lintl
collect2: error: ld returned 1 exit status
configure:4025: $? = 1
configure: failed program was:
| /* confdefs.h */
| #define PACKAGE_NAME "less"
| #define PACKAGE_TARNAME "less"
| #define PACKAGE_VERSION "1"
| #define PACKAGE_STRING "less 1"
| #define PACKAGE_BUGREPORT ""
| #define PACKAGE_URL ""
| /* end confdefs.h.  */
| 
| /* Override any GCC internal prototype to avoid an error.
|    Use char because int might match the return type of a GCC
|    builtin and then its argument prototype would still apply.  */
| #ifdef __cplusplus
| extern "C"
| #endif
| char regcmp ();
| int
| main ()
| {
| return regcmp ();
|   ;
|   return 0;
| }
configure:4025: gcc -o conftest -g -O2   conftest.c -lPW   >&5
/usr/bin/ld: cannot find -lPW
collect2: error: ld returned 1 exit status
configure:4025: $? = 1
configure: failed program was:
| /* confdefs.h */
| #define PACKAGE_NAME "less"
| #define PACKAGE_TARNAME "less"
| #define PACKAGE_VERSION "1"
| #define PACKAGE_STRING "less 1"
| #define PACKAGE_BUGREPORT ""
| #define PACKAGE_URL ""
| /* end confdefs.h.  */
| 
| /* Override any GCC internal prototype to avoid an error.
|    Use char because int might match the return type of a GCC
|    builtin and then its argument prototype would still apply.  */
| #ifdef __cplusplus
| extern "C"
| #endif
| char regcmp ();
| int
| main ()
| {
| return regcmp ();
|   ;
|   return 0;
| }
configure:4042: result: no
configure:4052: checking for working terminal libraries
configure:4334: result: Cannot find terminal libraries - configure failed

## ---------------- ##
## Cache variables. ##
## ---------------- ##

ac_cv_c_compiler_gnu=yes
ac_cv_env_CC_set=
ac_cv_env_CC_value=
ac_cv_env_CFLAGS_set=
ac_cv_env_CFLAGS_value=
ac_cv_env_CPPFLAGS_set=
ac_cv_env_CPPFLAGS_value=
ac_cv_env_CPP_set=
ac_cv_env_CPP_value=
ac_cv_env_LDFLAGS_set=
ac_cv_env_LDFLAGS_value=
ac_cv_env_LIBS_set=
ac_cv_env_LIBS_value=
ac_cv_env_build_alias_set=
ac_cv_env_build_alias_value=
ac_cv_env_host_alias_set=
ac_cv_env_host_alias_value=
ac_cv_env_target_alias_set=
ac_cv_env_target_alias_value=
ac_cv_lib_curses_initscr=no
ac_cv_lib_ncurses_initscr=no
ac_cv_lib_ncursesw_initscr=no
ac_cv_lib_termcap_tgetent=no
ac_cv_lib_termlib_tgetent=no
ac_cv_lib_tinfo_tgoto=no
ac_cv_lib_tinfow_tgoto=no
ac_cv_lib_xcurses_initscr=no
ac_cv_objext=o
ac_cv_path_EGREP='/bin/grep -E'
ac_cv_path_GREP=/bin/grep
ac_cv_path_install='/usr/bin/install -c'
ac_cv_prog_CPP='gcc -E'
ac_cv_prog_ac_ct_CC=gcc
ac_cv_prog_cc_c89=
ac_cv_prog_cc_g=yes
ac_cv_prog_gcc_traditional=no
ac_cv_search_regcmp=no
ac_cv_search_strerror='none required'
ac_cv_sys_file_offset_bits=no
ac_cv_sys_largefile_CC=no

## ----------------- ##
## Output variables. ##
## ----------------- ##

CC='gcc'
CFLAGS='-g -O2'
CPP='gcc -E'
CPPFLAGS=''
DEFS=''
ECHO_C=''
ECHO_N='-n'
ECHO_T=''
EGREP='/bin/grep -E'
EXEEXT=''
GREP='/bin/grep'
INSTALL_DATA='${INSTALL} -m 644'
INSTALL_PROGRAM='${INSTALL}'
INSTALL_SCRIPT='${INSTALL}'
LDFLAGS=''
LIBOBJS=''
LIBS=''
LTLIBOBJS=''
OBJEXT='o'
PACKAGE_BUGREPORT=''
PACKAGE_NAME='less'
PACKAGE_STRING='less 1'
PACKAGE_TARNAME='less'
PACKAGE_URL=''
PACKAGE_VERSION='1'
PATH_SEPARATOR=':'
REGEX_O=''
SECURE_COMPILE=''
SHELL='/bin/bash'
ac_ct_CC='gcc'
bindir='${exec_prefix}/bin'
build_alias=''
datadir='${datarootdir}'
datarootdir='${prefix}/share'
docdir='${datarootdir}/doc/${PACKAGE_TARNAME}'
dvidir='${docdir}'
exec_prefix='NONE'
host_alias=''
htmldir='${docdir}'
includedir='${prefix}/include'
infodir='${datarootdir}/info'
libdir='${exec_prefix}/lib'
libexecdir='${exec_prefix}/libexec'
localedir='${datarootdir}/locale'
localstatedir='${prefix}/var'
mandir='${datarootdir}/man'
oldincludedir='/usr/include'
pdfdir='${docdir}'
prefix='NONE'
program_transform_name='s,x,x,'
psdir='${docdir}'
runstatedir='${localstatedir}/run'
sbindir='${exec_prefix}/sbin'
sharedstatedir='${prefix}/com'
sysconfdir='${prefix}/etc'
target_alias=''

## ----------- ##
## confdefs.h. ##
## ----------- ##

/* confdefs.h */
#define PACKAGE_NAME "less"
#define PACKAGE_TARNAME "less"
#define PACKAGE_VERSION "1"
#define PACKAGE_STRING "less 1"
#define PACKAGE_BUGREPORT ""
#define PACKAGE_URL ""

configure: exit 1
